app/build/outputs/logs/manifest-merger-release-report.txt
-- Merging decision tree log ---
manifest
ADDED from src\main\AndroidManifest.xml:1:1-142:12
INJECTED from src\main\AndroidManifest.xml:1:1-142:12
INJECTED from src\main\AndroidManifest.xml:1:1-142:12
INJECTED from src\main\AndroidManifest.xml:1:1-142:12
MERGED from [com.android.support:support-v4:26.0.0-alpha1] AndroidManifest.xml:17:1-31:12
MERGED from [com.android.support:multidex:1.0.2] AndroidManifest.xml:17:1-22:12
MERGED from [com.android.support:support-media-compat:26.0.0-alpha1] AndroidManifest.xml:17:1-31:12
MERGED from [com.android.support:support-fragment:26.0.0-alpha1] AndroidManifest.xml:17:1-31:12
MERGED from [com.android.support:support-core-utils:26.0.0-alpha1] AndroidManifest.xml:17:1-31:12
MERGED from [com.android.support:support-core-ui:26.0.0-alpha1] AndroidManifest.xml:17:1-31:12
MERGED from [com.android.support:support-compat:26.0.0-alpha1] AndroidManifest.xml:17:1-31:12
INJECTED from src\main\AndroidManifest.xml:1:1-142:12
INJECTED from src\main\AndroidManifest.xml:1:1-142:12
INJECTED from src\main\AndroidManifest.xml:1:1-142:12
	package
		ADDED from src\main\AndroidManifest.xml:2:5-37
		INJECTED from src\main\AndroidManifest.xml
		INJECTED from src\main\AndroidManifest.xml
	android:versionName
		ADDED from src\main\AndroidManifest.xml:4:5-30
		INJECTED from src\main\AndroidManifest.xml
		INJECTED from src\main\AndroidManifest.xml
	xmlns:android
		ADDED from src\main\AndroidManifest.xml:1:11-69
	android:versionCode
		ADDED from src\main\AndroidManifest.xml:3:5-28
		INJECTED from src\main\AndroidManifest.xml
		INJECTED from src\main\AndroidManifest.xml
uses-sdk
ADDED from src\main\AndroidManifest.xml:6:5-8:41
INJECTED from src\main\AndroidManifest.xml:6:5-8:41
INJECTED from src\main\AndroidManifest.xml:6:5-8:41
MERGED from [com.android.support:support-v4:26.0.0-alpha1] AndroidManifest.xml:21:5-23:54
MERGED from [com.android.support:support-v4:26.0.0-alpha1] AndroidManifest.xml:21:5-23:54
MERGED from [com.android.support:multidex:1.0.2] AndroidManifest.xml:20:5-43
MERGED from [com.android.support:multidex:1.0.2] AndroidManifest.xml:20:5-43
MERGED from [com.android.support:support-media-compat:26.0.0-alpha1] AndroidManifest.xml:21:5-23:63
MERGED from [com.android.support:support-media-compat:26.0.0-alpha1] AndroidManifest.xml:21:5-23:63
MERGED from [com.android.support:support-fragment:26.0.0-alpha1] AndroidManifest.xml:21:5-23:60
MERGED from [com.android.support:support-fragment:26.0.0-alpha1] AndroidManifest.xml:21:5-23:60
MERGED from [com.android.support:support-core-utils:26.0.0-alpha1] AndroidManifest.xml:21:5-23:61
MERGED from [com.android.support:support-core-utils:26.0.0-alpha1] AndroidManifest.xml:21:5-23:61
MERGED from [com.android.support:support-core-ui:26.0.0-alpha1] AndroidManifest.xml:21:5-23:58
MERGED from [com.android.support:support-core-ui:26.0.0-alpha1] AndroidManifest.xml:21:5-23:58
MERGED from [com.android.support:support-compat:26.0.0-alpha1] AndroidManifest.xml:21:5-23:58
MERGED from [com.android.support:support-compat:26.0.0-alpha1] AndroidManifest.xml:21:5-23:58
INJECTED from src\main\AndroidManifest.xml:6:5-8:41
INJECTED from src\main\AndroidManifest.xml:6:5-8:41
	tools:overrideLibrary
		ADDED from [com.android.support:support-v4:26.0.0-alpha1] AndroidManifest.xml:23:9-51
	android:targetSdkVersion
		ADDED from src\main\AndroidManifest.xml:8:9-38
		INJECTED from src\main\AndroidManifest.xml
		INJECTED from src\main\AndroidManifest.xml
	android:minSdkVersion
		ADDED from src\main\AndroidManifest.xml:7:9-35
		INJECTED from src\main\AndroidManifest.xml
		INJECTED from src\main\AndroidManifest.xml
application
ADDED from src\main\AndroidManifest.xml:10:5-85:19
MERGED from [com.android.support:support-v4:26.0.0-alpha1] AndroidManifest.xml:29:5-20
MERGED from [com.android.support:support-v4:26.0.0-alpha1] AndroidManifest.xml:29:5-20
MERGED from [com.android.support:support-media-compat:26.0.0-alpha1] AndroidManifest.xml:29:5-20
MERGED from [com.android.support:support-media-compat:26.0.0-alpha1] AndroidManifest.xml:29:5-20
MERGED from [com.android.support:support-fragment:26.0.0-alpha1] AndroidManifest.xml:29:5-20
MERGED from [com.android.support:support-fragment:26.0.0-alpha1] AndroidManifest.xml:29:5-20
MERGED from [com.android.support:support-core-utils:26.0.0-alpha1] AndroidManifest.xml:29:5-20
MERGED from [com.android.support:support-core-utils:26.0.0-alpha1] AndroidManifest.xml:29:5-20
MERGED from [com.android.support:support-core-ui:26.0.0-alpha1] AndroidManifest.xml:29:5-20
MERGED from [com.android.support:support-core-ui:26.0.0-alpha1] AndroidManifest.xml:29:5-20
MERGED from [com.android.support:support-compat:26.0.0-alpha1] AndroidManifest.xml:29:5-20
MERGED from [com.android.support:support-compat:26.0.0-alpha1] AndroidManifest.xml:29:5-20
	android:label
		ADDED from src\main\AndroidManifest.xml:13:9-41
	android:icon
		ADDED from src\main\AndroidManifest.xml:12:9-42
	android:allowBackup
		ADDED from src\main\AndroidManifest.xml:11:9-35
	android:theme
		ADDED from src\main\AndroidManifest.xml:14:9-40
activity#zrkj.project.Login
ADDED from src\main\AndroidManifest.xml:17:9-24:20
	android:label
		ADDED from src\main\AndroidManifest.xml:19:13-45
	android:name
		ADDED from src\main\AndroidManifest.xml:18:13-46
intent-filter#action:name:android.intent.action.MAIN+category:name:android.intent.category.LAUNCHER
ADDED from src\main\AndroidManifest.xml:20:13-23:29
action#android.intent.action.MAIN
ADDED from src\main\AndroidManifest.xml:21:17-69
	android:name
		ADDED from src\main\AndroidManifest.xml:21:25-66
category#android.intent.category.LAUNCHER
ADDED from src\main\AndroidManifest.xml:22:17-77
	android:name
		ADDED from src\main\AndroidManifest.xml:22:27-74
activity#zrkj.project.MainMenu
ADDED from src\main\AndroidManifest.xml:28:9-58
	android:name
		ADDED from src\main\AndroidManifest.xml:28:19-55
activity#zrkj.project.zrkj.Main_Activity
ADDED from src\main\AndroidManifest.xml:29:9-68
	android:name
		ADDED from src\main\AndroidManifest.xml:29:19-65
activity#zrkj.project.zrkj.FenTuoRkActivity
ADDED from src\main\AndroidManifest.xml:30:9-32:75
	android:windowSoftInputMode
		ADDED from src\main\AndroidManifest.xml:32:13-72
	android:name
		ADDED from src\main\AndroidManifest.xml:31:13-62
activity#zrkj.project.zrkj.RuKuFuHe_Activity
ADDED from src\main\AndroidManifest.xml:33:9-35:75
	android:windowSoftInputMode
		ADDED from src\main\AndroidManifest.xml:35:13-72
	android:name
		ADDED from src\main\AndroidManifest.xml:34:13-63
activity#zrkj.project.zrkj.RuKuZhiJian_Activity
ADDED from src\main\AndroidManifest.xml:36:9-38:75
	android:windowSoftInputMode
		ADDED from src\main\AndroidManifest.xml:38:13-72
	android:name
		ADDED from src\main\AndroidManifest.xml:37:13-66
activity#zrkj.project.zrkj.PoDaiTiaoZheng_Activity
ADDED from src\main\AndroidManifest.xml:39:9-41:75
	android:windowSoftInputMode
		ADDED from src\main\AndroidManifest.xml:41:13-72
	android:name
		ADDED from src\main\AndroidManifest.xml:40:13-69
activity#zrkj.project.zrkj.DiaoBo_Activity
ADDED from src\main\AndroidManifest.xml:42:9-44:75
	android:windowSoftInputMode
		ADDED from src\main\AndroidManifest.xml:44:13-72
	android:name
		ADDED from src\main\AndroidManifest.xml:43:13-61
activity#zrkj.project.zrkj.XiaoHuo_Activity
ADDED from src\main\AndroidManifest.xml:45:9-47:75
	android:windowSoftInputMode
		ADDED from src\main\AndroidManifest.xml:47:13-72
	android:name
		ADDED from src\main\AndroidManifest.xml:46:13-62
activity#zrkj.project.zrkj.TuiHuo_Activity
ADDED from src\main\AndroidManifest.xml:48:9-50:75
	android:windowSoftInputMode
		ADDED from src\main\AndroidManifest.xml:50:13-72
	android:name
		ADDED from src\main\AndroidManifest.xml:49:13-61
activity#zrkj.project.zrkj.PiHaoSheZhi_Activity
ADDED from src\main\AndroidManifest.xml:51:9-53:75
	android:windowSoftInputMode
		ADDED from src\main\AndroidManifest.xml:53:13-72
	android:name
		ADDED from src\main\AndroidManifest.xml:52:13-66
activity#zrkj.project.zrkj.PanDianRuKu_Activity
ADDED from src\main\AndroidManifest.xml:54:9-56:75
	android:windowSoftInputMode
		ADDED from src\main\AndroidManifest.xml:56:13-72
	android:name
		ADDED from src\main\AndroidManifest.xml:55:13-66
activity#zrkj.project.zrkj.TuiHuoSaoMiao_Activity
ADDED from src\main\AndroidManifest.xml:57:9-59:75
	android:windowSoftInputMode
		ADDED from src\main\AndroidManifest.xml:59:13-72
	android:name
		ADDED from src\main\AndroidManifest.xml:58:13-68
activity#zrkj.project.zrkj.KuCunChaXun_Activity
ADDED from src\main\AndroidManifest.xml:60:9-62:75
	android:windowSoftInputMode
		ADDED from src\main\AndroidManifest.xml:62:13-72
	android:name
		ADDED from src\main\AndroidManifest.xml:61:13-66
activity#zrkj.project.zrkj.PiLiang_XiaoHuo_Activity
ADDED from src\main\AndroidManifest.xml:63:9-65:75
	android:windowSoftInputMode
		ADDED from src\main\AndroidManifest.xml:65:13-72
	android:name
		ADDED from src\main\AndroidManifest.xml:64:13-70
activity#zrkj.project.zrkj.ShengChanShuLiang_Activity
ADDED from src\main\AndroidManifest.xml:66:9-68:75
	android:windowSoftInputMode
		ADDED from src\main\AndroidManifest.xml:68:13-72
	android:name
		ADDED from src\main\AndroidManifest.xml:67:13-72
activity#zrkj.project.zrkj.BuLuRuKu_Activity
ADDED from src\main\AndroidManifest.xml:69:9-71:75
	android:windowSoftInputMode
		ADDED from src\main\AndroidManifest.xml:71:13-72
	android:name
		ADDED from src\main\AndroidManifest.xml:70:13-63
uses-permission#android.permission.VIBRATE
ADDED from src\main\AndroidManifest.xml:89:5-66
	android:name
		ADDED from src\main\AndroidManifest.xml:89:22-63
uses-permission#android.permission.RECEIVE_BOOT_COMPLETED
ADDED from src\main\AndroidManifest.xml:91:5-81
	android:name
		ADDED from src\main\AndroidManifest.xml:91:22-78
uses-permission#com.android.launcher.permission.INSTALL_SHORTCUT
ADDED from src\main\AndroidManifest.xml:92:5-88
	android:name
		ADDED from src\main\AndroidManifest.xml:92:22-85
uses-permission#android.permission.INTERNET
ADDED from src\main\AndroidManifest.xml:94:5-67
	android:name
		ADDED from src\main\AndroidManifest.xml:94:22-64
uses-permission#android.permission.ACCESS_NETWORK_STATE
ADDED from src\main\AndroidManifest.xml:95:5-79
	android:name
		ADDED from src\main\AndroidManifest.xml:95:22-76
uses-permission#android.permission.WRITE_EXTERNAL_STORAGE
ADDED from src\main\AndroidManifest.xml:96:5-81
	android:name
		ADDED from src\main\AndroidManifest.xml:96:22-78
uses-permission#android.permission.MOUNT_UNMOUNT_FILESYSTEMS
ADDED from src\main\AndroidManifest.xml:97:5-84
	android:name
		ADDED from src\main\AndroidManifest.xml:97:22-81
uses-permission#android.permission.READ_EXTERNAL_STORAGE
ADDED from src\main\AndroidManifest.xml:98:5-80
	android:name
		ADDED from src\main\AndroidManifest.xml:98:22-77
uses-permission#android.permission.READ_PHONE_STATE
ADDED from src\main\AndroidManifest.xml:99:5-75
	android:name
		ADDED from src\main\AndroidManifest.xml:99:22-72
uses-permission#android.permission.EXPAND_STATUS_BAR
ADDED from src\main\AndroidManifest.xml:100:5-76
	android:name
		ADDED from src\main\AndroidManifest.xml:100:22-73
uses-permission#android.permission.ACCESS_WIFI_STATE
ADDED from src\main\AndroidManifest.xml:101:5-92
	android:name
		ADDED from src\main\AndroidManifest.xml:101:22-73
uses-permission#android.permission.CHANGE_WIFI_STATE
ADDED from src\main\AndroidManifest.xml:102:5-92
	android:name
		ADDED from src\main\AndroidManifest.xml:102:22-73
uses-permission#android.permission.WAKE_LOCK
ADDED from src\main\AndroidManifest.xml:103:5-84
	android:name
		ADDED from src\main\AndroidManifest.xml:103:22-65
uses-permission#android.permission.CAMERA
ADDED from src\main\AndroidManifest.xml:104:5-81
	android:name
		ADDED from src\main\AndroidManifest.xml:104:22-62
uses-feature#android.hardware.camera
ADDED from src\main\AndroidManifest.xml:106:5-60
	android:name
		ADDED from src\main\AndroidManifest.xml:106:19-57
uses-feature#android.hardware.camera.autofocus
ADDED from src\main\AndroidManifest.xml:107:5-70
	android:name
		ADDED from src\main\AndroidManifest.xml:107:19-67
uses-permission#android.permission.FLASHLIGHT
ADDED from src\main\AndroidManifest.xml:109:5-69
	android:name
		ADDED from src\main\AndroidManifest.xml:109:22-66
uses-permission#android.permission.ACCESS_FINE_LOCATION
ADDED from src\main\AndroidManifest.xml:110:5-79
	android:name
		ADDED from src\main\AndroidManifest.xml:110:22-76
uses-permission#android.permission.ACCESS_COARSE_LOCATION
ADDED from src\main\AndroidManifest.xml:111:5-81
	android:name
		ADDED from src\main\AndroidManifest.xml:111:22-78
uses-permission#android.permission.BLUETOOTH_ADMIN
ADDED from src\main\AndroidManifest.xml:112:5-74
	android:name
		ADDED from src\main\AndroidManifest.xml:112:22-71
uses-permission#android.permission.BLUETOOTH
ADDED from src\main\AndroidManifest.xml:113:5-68
	android:name
		ADDED from src\main\AndroidManifest.xml:113:22-65
uses-permission#android.permission.CHANGE_NETWORK_STATE
ADDED from src\main\AndroidManifest.xml:114:5-95
	android:name
		ADDED from src\main\AndroidManifest.xml:114:22-76
uses-feature#android.hardware.usb.host
ADDED from src\main\AndroidManifest.xml:116:5-62
	android:name
		ADDED from src\main\AndroidManifest.xml:116:19-59
meta-data#android.hardware.usb.action.USB_DEVICE_ATTACHED
ADDED from src\main\AndroidManifest.xml:118:5-81
	android:name
		ADDED from src\main\AndroidManifest.xml:118:16-78
meta-data#android.support.VERSION
ADDED from [com.android.support:support-v4:26.0.0-alpha1] AndroidManifest.xml:25:5-27:41
MERGED from [com.android.support:support-media-compat:26.0.0-alpha1] AndroidManifest.xml:25:5-27:41
MERGED from [com.android.support:support-media-compat:26.0.0-alpha1] AndroidManifest.xml:25:5-27:41
MERGED from [com.android.support:support-fragment:26.0.0-alpha1] AndroidManifest.xml:25:5-27:41
MERGED from [com.android.support:support-fragment:26.0.0-alpha1] AndroidManifest.xml:25:5-27:41
MERGED from [com.android.support:support-core-utils:26.0.0-alpha1] AndroidManifest.xml:25:5-27:41
MERGED from [com.android.support:support-core-utils:26.0.0-alpha1] AndroidManifest.xml:25:5-27:41
MERGED from [com.android.support:support-core-ui:26.0.0-alpha1] AndroidManifest.xml:25:5-27:41
MERGED from [com.android.support:support-core-ui:26.0.0-alpha1] AndroidManifest.xml:25:5-27:41
MERGED from [com.android.support:support-compat:26.0.0-alpha1] AndroidManifest.xml:25:5-27:41
MERGED from [com.android.support:support-compat:26.0.0-alpha1] AndroidManifest.xml:25:5-27:41
	android:value
		ADDED from [com.android.support:support-v4:26.0.0-alpha1] AndroidManifest.xml:27:9-38
	android:name
		ADDED from [com.android.support:support-v4:26.0.0-alpha1] AndroidManifest.xml:26:9-47